Execute poe command line: poe  ./ration_example.py
0:0/4: Sent 0
1:1/4: Recvd 0
1:1/4: Recvd 1
0:0/4: Sent 1
0:0/4: Sent 2
1:1/4: Recvd 2
0:0/4: Sent 3
1:1/4: Recvd 3
0:0/4: Sent 4
1:1/4: Recvd 4
0:0/4: Sent 5
1:1/4: Recvd 5
0:0/4: Sent 6
1:1/4: Recvd 6
0:0/4: Sent 7
1:1/4: Recvd 7
0:0/4: Sent 8
1:1/4: Recvd 8
0:0/4: Sent 9
1:1/4: Recvd 9
0:0/4: Sent None
1:1/4: Recvd None
1:1/4: Out of loop
0:0/4: Sent None
0:0/4: Sent None
0:0/4: Out of loop
2:2/4: Recvd None
2:2/4: Out of loop
3:3/4: Recvd None
3:3/4: Out of loop
0:Done.
Execute poe command line: poe  ./ration_example.py
0:0/4: Sent 0
1:1/4: Recvd 0
1:1/4: Recvd 1
0:0/4: Sent 1
0:0/4: Sent 2
1:1/4: Recvd 2
0:0/4: Sent 3
1:1/4: Recvd 3
0:0/4: Sent 4
1:1/4: Recvd 4
0:0/4: Sent 5
0:0/4: Sent 6
1:1/4: Recvd 6
0:0/4: Sent 7
2:2/4: Recvd 5
0:0/4: Sent 8
1:1/4: Recvd 8
3:3/4: Recvd 7
0:0/4: Sent 9
2:2/4: Recvd 9
0:0/4: Sent None
1:1/4: Recvd None
1:1/4: Out of loop
0:0/4: Sent None
3:3/4: Recvd None
3:3/4: Out of loop
0:0/4: Sent None
0:0/4: Out of loop
2:2/4: Recvd None
2:2/4: Out of loop
0:Done.
